<?xml version="1.0" encoding="UTF-8"?>
<testsuite name="hello.tis.hello_jpa.controller.BankControllerIntegrationTest" tests="11" skipped="0" failures="0" errors="0" timestamp="2025-05-08T13:38:14.647Z" hostname="this-is-spears-MacBook-Pro.local" time="0.317">
  <properties/>
  <testcase name="계좌 생성 테스트()" classname="hello.tis.hello_jpa.controller.BankControllerIntegrationTest" time="0.114"/>
  <testcase name="존재하지 않는 입금 계좌로 이체 시도시 오류 테스트()" classname="hello.tis.hello_jpa.controller.BankControllerIntegrationTest" time="0.02"/>
  <testcase name="UUID 자동 생성으로 계좌 생성 테스트()" classname="hello.tis.hello_jpa.controller.BankControllerIntegrationTest" time="0.011"/>
  <testcase name="동일 계좌로 이체 시도시 오류 테스트()" classname="hello.tis.hello_jpa.controller.BankControllerIntegrationTest" time="0.013"/>
  <testcase name="세 번째 계좌 생성 후 거래 흐름 테스트()" classname="hello.tis.hello_jpa.controller.BankControllerIntegrationTest" time="0.047"/>
  <testcase name="복합 거래 시나리오 테스트()" classname="hello.tis.hello_jpa.controller.BankControllerIntegrationTest" time="0.015"/>
  <testcase name="존재하지 않는 출금 계좌로 이체 시도시 오류 테스트()" classname="hello.tis.hello_jpa.controller.BankControllerIntegrationTest" time="0.007"/>
  <testcase name="존재하지 않는 계좌 조회 테스트()" classname="hello.tis.hello_jpa.controller.BankControllerIntegrationTest" time="0.007"/>
  <testcase name="모든 계좌 목록 조회 테스트()" classname="hello.tis.hello_jpa.controller.BankControllerIntegrationTest" time="0.056"/>
  <testcase name="특정 계좌 잔액 조회 테스트()" classname="hello.tis.hello_jpa.controller.BankControllerIntegrationTest" time="0.008"/>
  <testcase name="계좌 이체 테스트()" classname="hello.tis.hello_jpa.controller.BankControllerIntegrationTest" time="0.015"/>
  <system-out><![CDATA[2025-05-08T22:38:14.352+09:00  INFO 24606 --- [    Test worker] t.c.s.AnnotationConfigContextLoaderUtils : Could not detect default configuration classes for test class [hello.tis.hello_jpa.controller.BankControllerIntegrationTest]: BankControllerIntegrationTest does not declare any static, non-private, non-final, nested classes annotated with @Configuration.
2025-05-08T22:38:14.360+09:00  INFO 24606 --- [    Test worker] .b.t.c.SpringBootTestContextBootstrapper : Found @SpringBootConfiguration hello.tis.hello_jpa.HelloJpaApplication for test class hello.tis.hello_jpa.controller.BankControllerIntegrationTest

  .   ____          _            __ _ _
 /\\ / ___'_ __ _ _(_)_ __  __ _ \ \ \ \
( ( )\___ | '_ | '_| | '_ \/ _` | \ \ \ \
 \\/  ___)| |_)| | | | | || (_| |  ) ) ) )
  '  |____| .__|_| |_|_| |_\__, | / / / /
 =========|_|==============|___/=/_/_/_/

 :: Spring Boot ::                (v3.4.5)

2025-05-08T22:38:14.374+09:00  INFO 24606 --- [    Test worker] h.t.h.c.BankControllerIntegrationTest    : Starting BankControllerIntegrationTest using Java 17.0.15 with PID 24606 (started by this-is-spear in /Users/this-is-spear/Documents/test-workspace/hello-jpa)
2025-05-08T22:38:14.374+09:00  INFO 24606 --- [    Test worker] h.t.h.c.BankControllerIntegrationTest    : No active profile set, falling back to 1 default profile: "default"
2025-05-08T22:38:14.443+09:00  INFO 24606 --- [    Test worker] .s.d.r.c.RepositoryConfigurationDelegate : Bootstrapping Spring Data JPA repositories in DEFAULT mode.
2025-05-08T22:38:14.447+09:00  INFO 24606 --- [    Test worker] .s.d.r.c.RepositoryConfigurationDelegate : Finished Spring Data repository scanning in 4 ms. Found 2 JPA repository interfaces.
2025-05-08T22:38:14.480+09:00  INFO 24606 --- [    Test worker] o.s.j.d.e.EmbeddedDatabaseFactory        : Starting embedded database: url='jdbc:h2:mem:testdb;DB_CLOSE_DELAY=-1;DB_CLOSE_ON_EXIT=false', username='sa'
2025-05-08T22:38:14.482+09:00  INFO 24606 --- [    Test worker] c.g.g.b.j.d.p6spy.P6SpyConfiguration     : P6Spy modulelist is overridden, some p6spy configuration features will not be applied
2025-05-08T22:38:14.493+09:00  INFO 24606 --- [    Test worker] p6spy                                    : #1746711494493 | took 0ms | statement | connection 6| url jdbc:h2:mem:testdb
CALL SCHEMA()
CALL SCHEMA();
2025-05-08T22:38:14.493+09:00  INFO 24606 --- [    Test worker] p6spy                                    : #1746711494493 | took 0ms | statement | connection 6| url jdbc:h2:mem:testdb
SELECT SETTING_VALUE FROM INFORMATION_SCHEMA.SETTINGS WHERE SETTING_NAME = 'MODE'
SELECT SETTING_VALUE FROM INFORMATION_SCHEMA.SETTINGS WHERE SETTING_NAME = 'MODE';
2025-05-08T22:38:14.494+09:00  INFO 24606 --- [    Test worker] org.flywaydb.core.FlywayExecutor         : Database: jdbc:h2:mem:testdb (H2 2.3)
2025-05-08T22:38:14.494+09:00  INFO 24606 --- [    Test worker] p6spy                                    : #1746711494494 | took 0ms | statement | connection 6| url jdbc:h2:mem:testdb
CALL SCHEMA()
CALL SCHEMA();
2025-05-08T22:38:14.494+09:00  INFO 24606 --- [    Test worker] p6spy                                    : #1746711494494 | took 0ms | statement | connection 6| url jdbc:h2:mem:testdb
CALL SCHEMA()
CALL SCHEMA();
2025-05-08T22:38:14.494+09:00  INFO 24606 --- [    Test worker] p6spy                                    : #1746711494494 | took 0ms | statement | connection 6| url jdbc:h2:mem:testdb
SELECT USER()
SELECT USER();
2025-05-08T22:38:14.495+09:00  INFO 24606 --- [    Test worker] p6spy                                    : #1746711494495 | took 0ms | statement | connection 6| url jdbc:h2:mem:testdb
SELECT SETTING_VALUE FROM INFORMATION_SCHEMA.SETTINGS WHERE SETTING_NAME = 'info.BUILD_ID'
SELECT SETTING_VALUE FROM INFORMATION_SCHEMA.SETTINGS WHERE SETTING_NAME = 'info.BUILD_ID';
2025-05-08T22:38:14.495+09:00  INFO 24606 --- [    Test worker] p6spy                                    : #1746711494495 | took 0ms | statement | connection 6| url jdbc:h2:mem:testdb
SELECT COUNT(*) FROM INFORMATION_SCHEMA.SCHEMATA WHERE SCHEMA_NAME=?
SELECT COUNT(*) FROM INFORMATION_SCHEMA.SCHEMATA WHERE SCHEMA_NAME='PUBLIC';
2025-05-08T22:38:14.497+09:00  INFO 24606 --- [    Test worker] p6spy                                    : #1746711494497 | took 0ms | statement | connection 6| url jdbc:h2:mem:testdb
SELECT "installed_rank","version","description","type","script","checksum","installed_on","installed_by","execution_time","success" FROM "PUBLIC"."flyway_schema_history" WHERE "type" != 'TABLE' AND "installed_rank" > ? ORDER BY "installed_rank"
SELECT "installed_rank","version","description","type","script","checksum","installed_on","installed_by","execution_time","success" FROM "PUBLIC"."flyway_schema_history" WHERE "type" != 'TABLE' AND "installed_rank" > -1 ORDER BY "installed_rank";
2025-05-08T22:38:14.498+09:00  INFO 24606 --- [    Test worker] p6spy                                    : #1746711494498 | took 0ms | commit | connection 6| url jdbc:h2:mem:testdb

;
2025-05-08T22:38:14.498+09:00  INFO 24606 --- [    Test worker] o.f.core.internal.command.DbValidate     : Successfully validated 4 migrations (execution time 00:00.002s)
2025-05-08T22:38:14.498+09:00  INFO 24606 --- [    Test worker] p6spy                                    : #1746711494498 | took 0ms | statement | connection 6| url jdbc:h2:mem:testdb
SELECT COUNT(*) FROM INFORMATION_SCHEMA.SCHEMATA WHERE SCHEMA_NAME=?
SELECT COUNT(*) FROM INFORMATION_SCHEMA.SCHEMATA WHERE SCHEMA_NAME='PUBLIC';
2025-05-08T22:38:14.498+09:00  INFO 24606 --- [    Test worker] p6spy                                    : #1746711494498 | took 0ms | commit | connection 6| url jdbc:h2:mem:testdb

;
2025-05-08T22:38:14.499+09:00  INFO 24606 --- [    Test worker] p6spy                                    : #1746711494499 | took 0ms | statement | connection 7| url jdbc:h2:mem:testdb
CALL SCHEMA()
CALL SCHEMA();
2025-05-08T22:38:14.500+09:00  INFO 24606 --- [    Test worker] p6spy                                    : #1746711494500 | took 0ms | statement | connection 6| url jdbc:h2:mem:testdb
select * from "PUBLIC"."flyway_schema_history" for update
select * from "PUBLIC"."flyway_schema_history" for update;
2025-05-08T22:38:14.500+09:00  INFO 24606 --- [    Test worker] p6spy                                    : #1746711494500 | took 0ms | statement | connection 6| url jdbc:h2:mem:testdb
SELECT "installed_rank","version","description","type","script","checksum","installed_on","installed_by","execution_time","success" FROM "PUBLIC"."flyway_schema_history" WHERE "type" != 'TABLE' AND "installed_rank" > ? ORDER BY "installed_rank"
SELECT "installed_rank","version","description","type","script","checksum","installed_on","installed_by","execution_time","success" FROM "PUBLIC"."flyway_schema_history" WHERE "type" != 'TABLE' AND "installed_rank" > 4 ORDER BY "installed_rank";
2025-05-08T22:38:14.500+09:00  INFO 24606 --- [    Test worker] o.f.core.internal.command.DbMigrate      : Current version of schema "PUBLIC": 1.3
2025-05-08T22:38:14.501+09:00  INFO 24606 --- [    Test worker] p6spy                                    : #1746711494501 | took 0ms | commit | connection 6| url jdbc:h2:mem:testdb

;
2025-05-08T22:38:14.501+09:00  INFO 24606 --- [    Test worker] o.f.core.internal.command.DbMigrate      : Schema "PUBLIC" is up to date. No migration necessary.
2025-05-08T22:38:14.501+09:00  INFO 24606 --- [    Test worker] p6spy                                    : #1746711494501 | took 0ms | statement | connection 7| url jdbc:h2:mem:testdb
SET SCHEMA "PUBLIC"
SET SCHEMA "PUBLIC";
2025-05-08T22:38:14.501+09:00  INFO 24606 --- [    Test worker] p6spy                                    : #1746711494501 | took 0ms | commit | connection 7| url jdbc:h2:mem:testdb

;
2025-05-08T22:38:14.501+09:00  INFO 24606 --- [    Test worker] p6spy                                    : #1746711494501 | took 0ms | statement | connection 6| url jdbc:h2:mem:testdb
SET SCHEMA "PUBLIC"
SET SCHEMA "PUBLIC";
2025-05-08T22:38:14.501+09:00  INFO 24606 --- [    Test worker] p6spy                                    : #1746711494501 | took 0ms | commit | connection 6| url jdbc:h2:mem:testdb

;
2025-05-08T22:38:14.509+09:00  INFO 24606 --- [    Test worker] o.hibernate.jpa.internal.util.LogHelper  : HHH000204: Processing PersistenceUnitInfo [name: default]
2025-05-08T22:38:14.510+09:00  INFO 24606 --- [    Test worker] o.h.c.internal.RegionFactoryInitiator    : HHH000026: Second-level cache disabled
2025-05-08T22:38:14.512+09:00  INFO 24606 --- [    Test worker] org.hibernate.orm.connections.pooling    : HHH10001005: Database info:
	Database JDBC URL [Connecting through datasource 'p6SpyDataSourceDecorator [com.p6spy.engine.spy.P6DataSource] -> proxyDataSourceDecorator [net.ttddyy.dsproxy.support.ProxyDataSource] -> dataSource [net.ttddyy.dsproxy.support.ProxyDataSource]']
	Database driver: undefined/unknown
	Database version: 2.3.232
	Autocommit mode: undefined/unknown
	Isolation level: undefined/unknown
	Minimum pool size: undefined/unknown
	Maximum pool size: undefined/unknown
2025-05-08T22:38:14.518+09:00  INFO 24606 --- [    Test worker] o.s.o.j.p.SpringPersistenceUnitInfo      : No LoadTimeWeaver setup: ignoring JPA class transformer
2025-05-08T22:38:14.542+09:00  INFO 24606 --- [    Test worker] o.h.e.t.j.p.i.JtaPlatformInitiator       : HHH000489: No JTA platform available (set 'hibernate.transaction.jta.platform' to enable JTA platform integration)
2025-05-08T22:38:14.542+09:00  INFO 24606 --- [    Test worker] p6spy                                    : #1746711494542 | took 0ms | statement | connection 9| url jdbc:h2:mem:testdb
select * from INFORMATION_SCHEMA.SEQUENCES
select * from INFORMATION_SCHEMA.SEQUENCES;
2025-05-08T22:38:14.543+09:00  INFO 24606 --- [    Test worker] j.LocalContainerEntityManagerFactoryBean : Initialized JPA EntityManagerFactory for persistence unit 'default'
2025-05-08T22:38:14.576+09:00  WARN 24606 --- [    Test worker] JpaBaseConfiguration$JpaWebConfiguration : spring.jpa.open-in-view is enabled by default. Therefore, database queries may be performed during view rendering. Explicitly configure spring.jpa.open-in-view to disable this warning
2025-05-08T22:38:14.637+09:00  INFO 24606 --- [    Test worker] o.s.b.t.m.w.SpringBootMockServletContext : Initializing Spring TestDispatcherServlet ''
2025-05-08T22:38:14.637+09:00  INFO 24606 --- [    Test worker] o.s.t.web.servlet.TestDispatcherServlet  : Initializing Servlet ''
2025-05-08T22:38:14.638+09:00  INFO 24606 --- [    Test worker] o.s.t.web.servlet.TestDispatcherServlet  : Completed initialization in 1 ms
2025-05-08T22:38:14.645+09:00  INFO 24606 --- [    Test worker] h.t.h.c.BankControllerIntegrationTest    : Started BankControllerIntegrationTest in 0.283 seconds (process running for 3.387)
2025-05-08T22:38:14.670+09:00 DEBUG 24606 --- [    Test worker] org.hibernate.SQL                        : select a1_0.account_number,dt1_0.target_account_number,dt1_0.transaction_id,dt1_0.amount,dt1_0.source_account_number,dt1_0.transaction_date from account a1_0 left join transaction dt1_0 on a1_0.account_number=dt1_0.target_account_number where a1_0.account_number=?
2025-05-08T22:38:14.672+09:00  INFO 24606 --- [    Test worker] p6spy                                    : #1746711494672 | took 0ms | statement | connection 10| url jdbc:h2:mem:testdb
select a1_0.account_number,dt1_0.target_account_number,dt1_0.transaction_id,dt1_0.amount,dt1_0.source_account_number,dt1_0.transaction_date from account a1_0 left join transaction dt1_0 on a1_0.account_number=dt1_0.target_account_number where a1_0.account_number=?
select a1_0.account_number,dt1_0.target_account_number,dt1_0.transaction_id,dt1_0.amount,dt1_0.source_account_number,dt1_0.transaction_date from account a1_0 left join transaction dt1_0 on a1_0.account_number=dt1_0.target_account_number where a1_0.account_number='TEST-ACCOUNT-1';
2025-05-08T22:38:14.690+09:00 DEBUG 24606 --- [    Test worker] org.hibernate.SQL                        : select a1_0.account_number,dt1_0.target_account_number,dt1_0.transaction_id,dt1_0.amount,dt1_0.source_account_number,dt1_0.transaction_date from account a1_0 left join transaction dt1_0 on a1_0.account_number=dt1_0.target_account_number where a1_0.account_number=?
2025-05-08T22:38:14.691+09:00  INFO 24606 --- [    Test worker] p6spy                                    : #1746711494691 | took 0ms | statement | connection 10| url jdbc:h2:mem:testdb
select a1_0.account_number,dt1_0.target_account_number,dt1_0.transaction_id,dt1_0.amount,dt1_0.source_account_number,dt1_0.transaction_date from account a1_0 left join transaction dt1_0 on a1_0.account_number=dt1_0.target_account_number where a1_0.account_number=?
select a1_0.account_number,dt1_0.target_account_number,dt1_0.transaction_id,dt1_0.amount,dt1_0.source_account_number,dt1_0.transaction_date from account a1_0 left join transaction dt1_0 on a1_0.account_number=dt1_0.target_account_number where a1_0.account_number='TEST-ACCOUNT-2';
2025-05-08T22:38:14.691+09:00 DEBUG 24606 --- [    Test worker] org.hibernate.SQL                        : select a1_0.account_number,dt1_0.target_account_number,dt1_0.transaction_id,dt1_0.amount,dt1_0.source_account_number,dt1_0.transaction_date from account a1_0 left join transaction dt1_0 on a1_0.account_number=dt1_0.target_account_number where a1_0.account_number=?
2025-05-08T22:38:14.692+09:00  INFO 24606 --- [    Test worker] p6spy                                    : #1746711494692 | took 0ms | statement | connection 10| url jdbc:h2:mem:testdb
select a1_0.account_number,dt1_0.target_account_number,dt1_0.transaction_id,dt1_0.amount,dt1_0.source_account_number,dt1_0.transaction_date from account a1_0 left join transaction dt1_0 on a1_0.account_number=dt1_0.target_account_number where a1_0.account_number=?
select a1_0.account_number,dt1_0.target_account_number,dt1_0.transaction_id,dt1_0.amount,dt1_0.source_account_number,dt1_0.transaction_date from account a1_0 left join transaction dt1_0 on a1_0.account_number=dt1_0.target_account_number where a1_0.account_number='TEST-ACCOUNT-3';
2025-05-08T22:38:14.735+09:00 DEBUG 24606 --- [    Test worker] org.hibernate.SQL                        : select a1_0.account_number,dt1_0.target_account_number,dt1_0.transaction_id,dt1_0.amount,dt1_0.source_account_number,dt1_0.transaction_date from account a1_0 left join transaction dt1_0 on a1_0.account_number=dt1_0.target_account_number where a1_0.account_number=?
2025-05-08T22:38:14.736+09:00  INFO 24606 --- [    Test worker] p6spy                                    : #1746711494736 | took 0ms | statement | connection 10| url jdbc:h2:mem:testdb
select a1_0.account_number,dt1_0.target_account_number,dt1_0.transaction_id,dt1_0.amount,dt1_0.source_account_number,dt1_0.transaction_date from account a1_0 left join transaction dt1_0 on a1_0.account_number=dt1_0.target_account_number where a1_0.account_number=?
select a1_0.account_number,dt1_0.target_account_number,dt1_0.transaction_id,dt1_0.amount,dt1_0.source_account_number,dt1_0.transaction_date from account a1_0 left join transaction dt1_0 on a1_0.account_number=dt1_0.target_account_number where a1_0.account_number='NEW-TEST-ACCOUNT';
2025-05-08T22:38:14.759+09:00  INFO 24606 --- [    Test worker] p6spy                                    : #1746711494759 | took 0ms | rollback | connection 10| url jdbc:h2:mem:testdb

;
2025-05-08T22:38:14.763+09:00 DEBUG 24606 --- [    Test worker] org.hibernate.SQL                        : select a1_0.account_number,dt1_0.target_account_number,dt1_0.transaction_id,dt1_0.amount,dt1_0.source_account_number,dt1_0.transaction_date from account a1_0 left join transaction dt1_0 on a1_0.account_number=dt1_0.target_account_number where a1_0.account_number=?
2025-05-08T22:38:14.764+09:00  INFO 24606 --- [    Test worker] p6spy                                    : #1746711494764 | took 0ms | statement | connection 11| url jdbc:h2:mem:testdb
select a1_0.account_number,dt1_0.target_account_number,dt1_0.transaction_id,dt1_0.amount,dt1_0.source_account_number,dt1_0.transaction_date from account a1_0 left join transaction dt1_0 on a1_0.account_number=dt1_0.target_account_number where a1_0.account_number=?
select a1_0.account_number,dt1_0.target_account_number,dt1_0.transaction_id,dt1_0.amount,dt1_0.source_account_number,dt1_0.transaction_date from account a1_0 left join transaction dt1_0 on a1_0.account_number=dt1_0.target_account_number where a1_0.account_number='TEST-ACCOUNT-1';
2025-05-08T22:38:14.765+09:00 DEBUG 24606 --- [    Test worker] org.hibernate.SQL                        : select a1_0.account_number,dt1_0.target_account_number,dt1_0.transaction_id,dt1_0.amount,dt1_0.source_account_number,dt1_0.transaction_date from account a1_0 left join transaction dt1_0 on a1_0.account_number=dt1_0.target_account_number where a1_0.account_number=?
2025-05-08T22:38:14.765+09:00  INFO 24606 --- [    Test worker] p6spy                                    : #1746711494765 | took 0ms | statement | connection 11| url jdbc:h2:mem:testdb
select a1_0.account_number,dt1_0.target_account_number,dt1_0.transaction_id,dt1_0.amount,dt1_0.source_account_number,dt1_0.transaction_date from account a1_0 left join transaction dt1_0 on a1_0.account_number=dt1_0.target_account_number where a1_0.account_number=?
select a1_0.account_number,dt1_0.target_account_number,dt1_0.transaction_id,dt1_0.amount,dt1_0.source_account_number,dt1_0.transaction_date from account a1_0 left join transaction dt1_0 on a1_0.account_number=dt1_0.target_account_number where a1_0.account_number='TEST-ACCOUNT-2';
2025-05-08T22:38:14.766+09:00 DEBUG 24606 --- [    Test worker] org.hibernate.SQL                        : select a1_0.account_number,dt1_0.target_account_number,dt1_0.transaction_id,dt1_0.amount,dt1_0.source_account_number,dt1_0.transaction_date from account a1_0 left join transaction dt1_0 on a1_0.account_number=dt1_0.target_account_number where a1_0.account_number=?
2025-05-08T22:38:14.766+09:00  INFO 24606 --- [    Test worker] p6spy                                    : #1746711494766 | took 0ms | statement | connection 11| url jdbc:h2:mem:testdb
select a1_0.account_number,dt1_0.target_account_number,dt1_0.transaction_id,dt1_0.amount,dt1_0.source_account_number,dt1_0.transaction_date from account a1_0 left join transaction dt1_0 on a1_0.account_number=dt1_0.target_account_number where a1_0.account_number=?
select a1_0.account_number,dt1_0.target_account_number,dt1_0.transaction_id,dt1_0.amount,dt1_0.source_account_number,dt1_0.transaction_date from account a1_0 left join transaction dt1_0 on a1_0.account_number=dt1_0.target_account_number where a1_0.account_number='TEST-ACCOUNT-3';
2025-05-08T22:38:14.772+09:00 DEBUG 24606 --- [    Test worker] org.hibernate.SQL                        : select a1_0.account_number from account a1_0 where a1_0.account_number=?
2025-05-08T22:38:14.773+09:00  INFO 24606 --- [    Test worker] p6spy                                    : #1746711494773 | took 0ms | statement | connection 11| url jdbc:h2:mem:testdb
select a1_0.account_number from account a1_0 where a1_0.account_number=?
select a1_0.account_number from account a1_0 where a1_0.account_number='NON-EXISTENT-ACCOUNT';
2025-05-08T22:38:14.781+09:00  INFO 24606 --- [    Test worker] p6spy                                    : #1746711494781 | took 0ms | rollback | connection 11| url jdbc:h2:mem:testdb

;
2025-05-08T22:38:14.786+09:00 DEBUG 24606 --- [    Test worker] org.hibernate.SQL                        : select a1_0.account_number,dt1_0.target_account_number,dt1_0.transaction_id,dt1_0.amount,dt1_0.source_account_number,dt1_0.transaction_date from account a1_0 left join transaction dt1_0 on a1_0.account_number=dt1_0.target_account_number where a1_0.account_number=?
2025-05-08T22:38:14.786+09:00  INFO 24606 --- [    Test worker] p6spy                                    : #1746711494786 | took 0ms | statement | connection 12| url jdbc:h2:mem:testdb
select a1_0.account_number,dt1_0.target_account_number,dt1_0.transaction_id,dt1_0.amount,dt1_0.source_account_number,dt1_0.transaction_date from account a1_0 left join transaction dt1_0 on a1_0.account_number=dt1_0.target_account_number where a1_0.account_number=?
select a1_0.account_number,dt1_0.target_account_number,dt1_0.transaction_id,dt1_0.amount,dt1_0.source_account_number,dt1_0.transaction_date from account a1_0 left join transaction dt1_0 on a1_0.account_number=dt1_0.target_account_number where a1_0.account_number='TEST-ACCOUNT-1';
2025-05-08T22:38:14.788+09:00 DEBUG 24606 --- [    Test worker] org.hibernate.SQL                        : select a1_0.account_number,dt1_0.target_account_number,dt1_0.transaction_id,dt1_0.amount,dt1_0.source_account_number,dt1_0.transaction_date from account a1_0 left join transaction dt1_0 on a1_0.account_number=dt1_0.target_account_number where a1_0.account_number=?
2025-05-08T22:38:14.788+09:00  INFO 24606 --- [    Test worker] p6spy                                    : #1746711494788 | took 0ms | statement | connection 12| url jdbc:h2:mem:testdb
select a1_0.account_number,dt1_0.target_account_number,dt1_0.transaction_id,dt1_0.amount,dt1_0.source_account_number,dt1_0.transaction_date from account a1_0 left join transaction dt1_0 on a1_0.account_number=dt1_0.target_account_number where a1_0.account_number=?
select a1_0.account_number,dt1_0.target_account_number,dt1_0.transaction_id,dt1_0.amount,dt1_0.source_account_number,dt1_0.transaction_date from account a1_0 left join transaction dt1_0 on a1_0.account_number=dt1_0.target_account_number where a1_0.account_number='TEST-ACCOUNT-2';
2025-05-08T22:38:14.789+09:00 DEBUG 24606 --- [    Test worker] org.hibernate.SQL                        : select a1_0.account_number,dt1_0.target_account_number,dt1_0.transaction_id,dt1_0.amount,dt1_0.source_account_number,dt1_0.transaction_date from account a1_0 left join transaction dt1_0 on a1_0.account_number=dt1_0.target_account_number where a1_0.account_number=?
2025-05-08T22:38:14.789+09:00  INFO 24606 --- [    Test worker] p6spy                                    : #1746711494789 | took 0ms | statement | connection 12| url jdbc:h2:mem:testdb
select a1_0.account_number,dt1_0.target_account_number,dt1_0.transaction_id,dt1_0.amount,dt1_0.source_account_number,dt1_0.transaction_date from account a1_0 left join transaction dt1_0 on a1_0.account_number=dt1_0.target_account_number where a1_0.account_number=?
select a1_0.account_number,dt1_0.target_account_number,dt1_0.transaction_id,dt1_0.amount,dt1_0.source_account_number,dt1_0.transaction_date from account a1_0 left join transaction dt1_0 on a1_0.account_number=dt1_0.target_account_number where a1_0.account_number='TEST-ACCOUNT-3';
2025-05-08T22:38:14.791+09:00 DEBUG 24606 --- [    Test worker] org.hibernate.SQL                        : select a1_0.account_number,dt1_0.target_account_number,dt1_0.transaction_id,dt1_0.amount,dt1_0.source_account_number,dt1_0.transaction_date from account a1_0 left join transaction dt1_0 on a1_0.account_number=dt1_0.target_account_number where a1_0.account_number=?
2025-05-08T22:38:14.791+09:00  INFO 24606 --- [    Test worker] p6spy                                    : #1746711494791 | took 0ms | statement | connection 12| url jdbc:h2:mem:testdb
select a1_0.account_number,dt1_0.target_account_number,dt1_0.transaction_id,dt1_0.amount,dt1_0.source_account_number,dt1_0.transaction_date from account a1_0 left join transaction dt1_0 on a1_0.account_number=dt1_0.target_account_number where a1_0.account_number=?
select a1_0.account_number,dt1_0.target_account_number,dt1_0.transaction_id,dt1_0.amount,dt1_0.source_account_number,dt1_0.transaction_date from account a1_0 left join transaction dt1_0 on a1_0.account_number=dt1_0.target_account_number where a1_0.account_number='a4966de1-e082-4dd6-99cb-39c8b8981483';
2025-05-08T22:38:14.793+09:00  INFO 24606 --- [    Test worker] p6spy                                    : #1746711494793 | took 0ms | rollback | connection 12| url jdbc:h2:mem:testdb

;
2025-05-08T22:38:14.797+09:00 DEBUG 24606 --- [    Test worker] org.hibernate.SQL                        : select a1_0.account_number,dt1_0.target_account_number,dt1_0.transaction_id,dt1_0.amount,dt1_0.source_account_number,dt1_0.transaction_date from account a1_0 left join transaction dt1_0 on a1_0.account_number=dt1_0.target_account_number where a1_0.account_number=?
2025-05-08T22:38:14.798+09:00  INFO 24606 --- [    Test worker] p6spy                                    : #1746711494798 | took 0ms | statement | connection 13| url jdbc:h2:mem:testdb
select a1_0.account_number,dt1_0.target_account_number,dt1_0.transaction_id,dt1_0.amount,dt1_0.source_account_number,dt1_0.transaction_date from account a1_0 left join transaction dt1_0 on a1_0.account_number=dt1_0.target_account_number where a1_0.account_number=?
select a1_0.account_number,dt1_0.target_account_number,dt1_0.transaction_id,dt1_0.amount,dt1_0.source_account_number,dt1_0.transaction_date from account a1_0 left join transaction dt1_0 on a1_0.account_number=dt1_0.target_account_number where a1_0.account_number='TEST-ACCOUNT-1';
2025-05-08T22:38:14.799+09:00 DEBUG 24606 --- [    Test worker] org.hibernate.SQL                        : select a1_0.account_number,dt1_0.target_account_number,dt1_0.transaction_id,dt1_0.amount,dt1_0.source_account_number,dt1_0.transaction_date from account a1_0 left join transaction dt1_0 on a1_0.account_number=dt1_0.target_account_number where a1_0.account_number=?
2025-05-08T22:38:14.799+09:00  INFO 24606 --- [    Test worker] p6spy                                    : #1746711494799 | took 0ms | statement | connection 13| url jdbc:h2:mem:testdb
select a1_0.account_number,dt1_0.target_account_number,dt1_0.transaction_id,dt1_0.amount,dt1_0.source_account_number,dt1_0.transaction_date from account a1_0 left join transaction dt1_0 on a1_0.account_number=dt1_0.target_account_number where a1_0.account_number=?
select a1_0.account_number,dt1_0.target_account_number,dt1_0.transaction_id,dt1_0.amount,dt1_0.source_account_number,dt1_0.transaction_date from account a1_0 left join transaction dt1_0 on a1_0.account_number=dt1_0.target_account_number where a1_0.account_number='TEST-ACCOUNT-2';
2025-05-08T22:38:14.799+09:00 DEBUG 24606 --- [    Test worker] org.hibernate.SQL                        : select a1_0.account_number,dt1_0.target_account_number,dt1_0.transaction_id,dt1_0.amount,dt1_0.source_account_number,dt1_0.transaction_date from account a1_0 left join transaction dt1_0 on a1_0.account_number=dt1_0.target_account_number where a1_0.account_number=?
2025-05-08T22:38:14.799+09:00  INFO 24606 --- [    Test worker] p6spy                                    : #1746711494799 | took 0ms | statement | connection 13| url jdbc:h2:mem:testdb
select a1_0.account_number,dt1_0.target_account_number,dt1_0.transaction_id,dt1_0.amount,dt1_0.source_account_number,dt1_0.transaction_date from account a1_0 left join transaction dt1_0 on a1_0.account_number=dt1_0.target_account_number where a1_0.account_number=?
select a1_0.account_number,dt1_0.target_account_number,dt1_0.transaction_id,dt1_0.amount,dt1_0.source_account_number,dt1_0.transaction_date from account a1_0 left join transaction dt1_0 on a1_0.account_number=dt1_0.target_account_number where a1_0.account_number='TEST-ACCOUNT-3';
2025-05-08T22:38:14.806+09:00  INFO 24606 --- [    Test worker] p6spy                                    : #1746711494806 | took 0ms | rollback | connection 13| url jdbc:h2:mem:testdb

;
2025-05-08T22:38:14.809+09:00 DEBUG 24606 --- [    Test worker] org.hibernate.SQL                        : select a1_0.account_number,dt1_0.target_account_number,dt1_0.transaction_id,dt1_0.amount,dt1_0.source_account_number,dt1_0.transaction_date from account a1_0 left join transaction dt1_0 on a1_0.account_number=dt1_0.target_account_number where a1_0.account_number=?
2025-05-08T22:38:14.809+09:00  INFO 24606 --- [    Test worker] p6spy                                    : #1746711494809 | took 0ms | statement | connection 14| url jdbc:h2:mem:testdb
select a1_0.account_number,dt1_0.target_account_number,dt1_0.transaction_id,dt1_0.amount,dt1_0.source_account_number,dt1_0.transaction_date from account a1_0 left join transaction dt1_0 on a1_0.account_number=dt1_0.target_account_number where a1_0.account_number=?
select a1_0.account_number,dt1_0.target_account_number,dt1_0.transaction_id,dt1_0.amount,dt1_0.source_account_number,dt1_0.transaction_date from account a1_0 left join transaction dt1_0 on a1_0.account_number=dt1_0.target_account_number where a1_0.account_number='TEST-ACCOUNT-1';
2025-05-08T22:38:14.810+09:00 DEBUG 24606 --- [    Test worker] org.hibernate.SQL                        : select a1_0.account_number,dt1_0.target_account_number,dt1_0.transaction_id,dt1_0.amount,dt1_0.source_account_number,dt1_0.transaction_date from account a1_0 left join transaction dt1_0 on a1_0.account_number=dt1_0.target_account_number where a1_0.account_number=?
2025-05-08T22:38:14.812+09:00  INFO 24606 --- [    Test worker] p6spy                                    : #1746711494812 | took 0ms | statement | connection 14| url jdbc:h2:mem:testdb
select a1_0.account_number,dt1_0.target_account_number,dt1_0.transaction_id,dt1_0.amount,dt1_0.source_account_number,dt1_0.transaction_date from account a1_0 left join transaction dt1_0 on a1_0.account_number=dt1_0.target_account_number where a1_0.account_number=?
select a1_0.account_number,dt1_0.target_account_number,dt1_0.transaction_id,dt1_0.amount,dt1_0.source_account_number,dt1_0.transaction_date from account a1_0 left join transaction dt1_0 on a1_0.account_number=dt1_0.target_account_number where a1_0.account_number='TEST-ACCOUNT-2';
2025-05-08T22:38:14.813+09:00 DEBUG 24606 --- [    Test worker] org.hibernate.SQL                        : select a1_0.account_number,dt1_0.target_account_number,dt1_0.transaction_id,dt1_0.amount,dt1_0.source_account_number,dt1_0.transaction_date from account a1_0 left join transaction dt1_0 on a1_0.account_number=dt1_0.target_account_number where a1_0.account_number=?
2025-05-08T22:38:14.813+09:00  INFO 24606 --- [    Test worker] p6spy                                    : #1746711494813 | took 0ms | statement | connection 14| url jdbc:h2:mem:testdb
select a1_0.account_number,dt1_0.target_account_number,dt1_0.transaction_id,dt1_0.amount,dt1_0.source_account_number,dt1_0.transaction_date from account a1_0 left join transaction dt1_0 on a1_0.account_number=dt1_0.target_account_number where a1_0.account_number=?
select a1_0.account_number,dt1_0.target_account_number,dt1_0.transaction_id,dt1_0.amount,dt1_0.source_account_number,dt1_0.transaction_date from account a1_0 left join transaction dt1_0 on a1_0.account_number=dt1_0.target_account_number where a1_0.account_number='TEST-ACCOUNT-3';
2025-05-08T22:38:14.822+09:00 DEBUG 24606 --- [    Test worker] org.hibernate.SQL                        : /* insert for hello.tis.hello_jpa.domain.Account */insert into account (account_number) values (?)
2025-05-08T22:38:14.824+09:00  INFO 24606 --- [    Test worker] p6spy                                    : #1746711494824 | took 0ms | statement | connection 14| url jdbc:h2:mem:testdb
/* insert for hello.tis.hello_jpa.domain.Account */insert into account (account_number) values (?)
/* insert for hello.tis.hello_jpa.domain.Account */insert into account (account_number) values ('TEST-ACCOUNT-1');
2025-05-08T22:38:14.825+09:00 DEBUG 24606 --- [    Test worker] org.hibernate.SQL                        : /* insert for hello.tis.hello_jpa.domain.Account */insert into account (account_number) values (?)
2025-05-08T22:38:14.825+09:00  INFO 24606 --- [    Test worker] p6spy                                    : #1746711494825 | took 0ms | statement | connection 14| url jdbc:h2:mem:testdb
/* insert for hello.tis.hello_jpa.domain.Account */insert into account (account_number) values (?)
/* insert for hello.tis.hello_jpa.domain.Account */insert into account (account_number) values ('TEST-ACCOUNT-2');
2025-05-08T22:38:14.825+09:00 DEBUG 24606 --- [    Test worker] org.hibernate.SQL                        : /* insert for hello.tis.hello_jpa.domain.Account */insert into account (account_number) values (?)
2025-05-08T22:38:14.825+09:00  INFO 24606 --- [    Test worker] p6spy                                    : #1746711494825 | took 0ms | statement | connection 14| url jdbc:h2:mem:testdb
/* insert for hello.tis.hello_jpa.domain.Account */insert into account (account_number) values (?)
/* insert for hello.tis.hello_jpa.domain.Account */insert into account (account_number) values ('TEST-ACCOUNT-3');
2025-05-08T22:38:14.826+09:00 DEBUG 24606 --- [    Test worker] org.hibernate.SQL                        : /* insert for hello.tis.hello_jpa.domain.Transaction */insert into transaction (amount,source_account_number,target_account_number,transaction_date,transaction_id) values (?,?,?,?,?)
2025-05-08T22:38:14.830+09:00  INFO 24606 --- [    Test worker] p6spy                                    : #1746711494830 | took 2ms | statement | connection 14| url jdbc:h2:mem:testdb
/* insert for hello.tis.hello_jpa.domain.Transaction */insert into transaction (amount,source_account_number,target_account_number,transaction_date,transaction_id) values (?,?,?,?,?)
/* insert for hello.tis.hello_jpa.domain.Transaction */insert into transaction (amount,source_account_number,target_account_number,transaction_date,transaction_id) values (50.0,'TEST-ACCOUNT-1','TEST-ACCOUNT-3','2025-05-08T00:00:00.000+0900','27f03826-b69d-4a2f-b4ef-b70964e8bfb8');
2025-05-08T22:38:14.832+09:00 DEBUG 24606 --- [    Test worker] org.hibernate.SQL                        : update transaction set source_account_number=? where transaction_id=?
2025-05-08T22:38:14.834+09:00  INFO 24606 --- [    Test worker] p6spy                                    : #1746711494834 | took 0ms | statement | connection 14| url jdbc:h2:mem:testdb
update transaction set source_account_number=? where transaction_id=?
update transaction set source_account_number='TEST-ACCOUNT-1' where transaction_id='27f03826-b69d-4a2f-b4ef-b70964e8bfb8';
2025-05-08T22:38:14.834+09:00 DEBUG 24606 --- [    Test worker] org.hibernate.SQL                        : update transaction set target_account_number=? where transaction_id=?
2025-05-08T22:38:14.834+09:00  INFO 24606 --- [    Test worker] p6spy                                    : #1746711494834 | took 0ms | statement | connection 14| url jdbc:h2:mem:testdb
update transaction set target_account_number=? where transaction_id=?
update transaction set target_account_number='TEST-ACCOUNT-3' where transaction_id='27f03826-b69d-4a2f-b4ef-b70964e8bfb8';
2025-05-08T22:38:14.840+09:00 DEBUG 24606 --- [    Test worker] org.hibernate.SQL                        : /* insert for hello.tis.hello_jpa.domain.Transaction */insert into transaction (amount,source_account_number,target_account_number,transaction_date,transaction_id) values (?,?,?,?,?)
2025-05-08T22:38:14.841+09:00  INFO 24606 --- [    Test worker] p6spy                                    : #1746711494841 | took 0ms | statement | connection 14| url jdbc:h2:mem:testdb
/* insert for hello.tis.hello_jpa.domain.Transaction */insert into transaction (amount,source_account_number,target_account_number,transaction_date,transaction_id) values (?,?,?,?,?)
/* insert for hello.tis.hello_jpa.domain.Transaction */insert into transaction (amount,source_account_number,target_account_number,transaction_date,transaction_id) values (25.0,'TEST-ACCOUNT-2','TEST-ACCOUNT-3','2025-05-08T00:00:00.000+0900','9fe0c70d-27f7-4df7-8ac8-07f0c50497bc');
2025-05-08T22:38:14.842+09:00 DEBUG 24606 --- [    Test worker] org.hibernate.SQL                        : update transaction set source_account_number=? where transaction_id=?
2025-05-08T22:38:14.842+09:00  INFO 24606 --- [    Test worker] p6spy                                    : #1746711494842 | took 0ms | statement | connection 14| url jdbc:h2:mem:testdb
update transaction set source_account_number=? where transaction_id=?
update transaction set source_account_number='TEST-ACCOUNT-2' where transaction_id='9fe0c70d-27f7-4df7-8ac8-07f0c50497bc';
2025-05-08T22:38:14.843+09:00 DEBUG 24606 --- [    Test worker] org.hibernate.SQL                        : update transaction set target_account_number=? where transaction_id=?
2025-05-08T22:38:14.843+09:00  INFO 24606 --- [    Test worker] p6spy                                    : #1746711494843 | took 0ms | statement | connection 14| url jdbc:h2:mem:testdb
update transaction set target_account_number=? where transaction_id=?
update transaction set target_account_number='TEST-ACCOUNT-3' where transaction_id='9fe0c70d-27f7-4df7-8ac8-07f0c50497bc';
2025-05-08T22:38:14.853+09:00  INFO 24606 --- [    Test worker] p6spy                                    : #1746711494853 | took 0ms | rollback | connection 14| url jdbc:h2:mem:testdb

;
2025-05-08T22:38:14.856+09:00 DEBUG 24606 --- [    Test worker] org.hibernate.SQL                        : select a1_0.account_number,dt1_0.target_account_number,dt1_0.transaction_id,dt1_0.amount,dt1_0.source_account_number,dt1_0.transaction_date from account a1_0 left join transaction dt1_0 on a1_0.account_number=dt1_0.target_account_number where a1_0.account_number=?
2025-05-08T22:38:14.856+09:00  INFO 24606 --- [    Test worker] p6spy                                    : #1746711494856 | took 0ms | statement | connection 15| url jdbc:h2:mem:testdb
select a1_0.account_number,dt1_0.target_account_number,dt1_0.transaction_id,dt1_0.amount,dt1_0.source_account_number,dt1_0.transaction_date from account a1_0 left join transaction dt1_0 on a1_0.account_number=dt1_0.target_account_number where a1_0.account_number=?
select a1_0.account_number,dt1_0.target_account_number,dt1_0.transaction_id,dt1_0.amount,dt1_0.source_account_number,dt1_0.transaction_date from account a1_0 left join transaction dt1_0 on a1_0.account_number=dt1_0.target_account_number where a1_0.account_number='TEST-ACCOUNT-1';
2025-05-08T22:38:14.857+09:00 DEBUG 24606 --- [    Test worker] org.hibernate.SQL                        : select a1_0.account_number,dt1_0.target_account_number,dt1_0.transaction_id,dt1_0.amount,dt1_0.source_account_number,dt1_0.transaction_date from account a1_0 left join transaction dt1_0 on a1_0.account_number=dt1_0.target_account_number where a1_0.account_number=?
2025-05-08T22:38:14.857+09:00  INFO 24606 --- [    Test worker] p6spy                                    : #1746711494857 | took 0ms | statement | connection 15| url jdbc:h2:mem:testdb
select a1_0.account_number,dt1_0.target_account_number,dt1_0.transaction_id,dt1_0.amount,dt1_0.source_account_number,dt1_0.transaction_date from account a1_0 left join transaction dt1_0 on a1_0.account_number=dt1_0.target_account_number where a1_0.account_number=?
select a1_0.account_number,dt1_0.target_account_number,dt1_0.transaction_id,dt1_0.amount,dt1_0.source_account_number,dt1_0.transaction_date from account a1_0 left join transaction dt1_0 on a1_0.account_number=dt1_0.target_account_number where a1_0.account_number='TEST-ACCOUNT-2';
2025-05-08T22:38:14.858+09:00 DEBUG 24606 --- [    Test worker] org.hibernate.SQL                        : select a1_0.account_number,dt1_0.target_account_number,dt1_0.transaction_id,dt1_0.amount,dt1_0.source_account_number,dt1_0.transaction_date from account a1_0 left join transaction dt1_0 on a1_0.account_number=dt1_0.target_account_number where a1_0.account_number=?
2025-05-08T22:38:14.858+09:00  INFO 24606 --- [    Test worker] p6spy                                    : #1746711494858 | took 0ms | statement | connection 15| url jdbc:h2:mem:testdb
select a1_0.account_number,dt1_0.target_account_number,dt1_0.transaction_id,dt1_0.amount,dt1_0.source_account_number,dt1_0.transaction_date from account a1_0 left join transaction dt1_0 on a1_0.account_number=dt1_0.target_account_number where a1_0.account_number=?
select a1_0.account_number,dt1_0.target_account_number,dt1_0.transaction_id,dt1_0.amount,dt1_0.source_account_number,dt1_0.transaction_date from account a1_0 left join transaction dt1_0 on a1_0.account_number=dt1_0.target_account_number where a1_0.account_number='TEST-ACCOUNT-3';
2025-05-08T22:38:14.860+09:00 DEBUG 24606 --- [    Test worker] org.hibernate.SQL                        : /* insert for hello.tis.hello_jpa.domain.Account */insert into account (account_number) values (?)
2025-05-08T22:38:14.860+09:00  INFO 24606 --- [    Test worker] p6spy                                    : #1746711494860 | took 0ms | statement | connection 15| url jdbc:h2:mem:testdb
/* insert for hello.tis.hello_jpa.domain.Account */insert into account (account_number) values (?)
/* insert for hello.tis.hello_jpa.domain.Account */insert into account (account_number) values ('TEST-ACCOUNT-1');
2025-05-08T22:38:14.860+09:00 DEBUG 24606 --- [    Test worker] org.hibernate.SQL                        : /* insert for hello.tis.hello_jpa.domain.Account */insert into account (account_number) values (?)
2025-05-08T22:38:14.860+09:00  INFO 24606 --- [    Test worker] p6spy                                    : #1746711494860 | took 0ms | statement | connection 15| url jdbc:h2:mem:testdb
/* insert for hello.tis.hello_jpa.domain.Account */insert into account (account_number) values (?)
/* insert for hello.tis.hello_jpa.domain.Account */insert into account (account_number) values ('TEST-ACCOUNT-2');
2025-05-08T22:38:14.860+09:00 DEBUG 24606 --- [    Test worker] org.hibernate.SQL                        : /* insert for hello.tis.hello_jpa.domain.Account */insert into account (account_number) values (?)
2025-05-08T22:38:14.860+09:00  INFO 24606 --- [    Test worker] p6spy                                    : #1746711494860 | took 0ms | statement | connection 15| url jdbc:h2:mem:testdb
/* insert for hello.tis.hello_jpa.domain.Account */insert into account (account_number) values (?)
/* insert for hello.tis.hello_jpa.domain.Account */insert into account (account_number) values ('TEST-ACCOUNT-3');
2025-05-08T22:38:14.861+09:00 DEBUG 24606 --- [    Test worker] org.hibernate.SQL                        : /* insert for hello.tis.hello_jpa.domain.Transaction */insert into transaction (amount,source_account_number,target_account_number,transaction_date,transaction_id) values (?,?,?,?,?)
2025-05-08T22:38:14.861+09:00  INFO 24606 --- [    Test worker] p6spy                                    : #1746711494861 | took 0ms | statement | connection 15| url jdbc:h2:mem:testdb
/* insert for hello.tis.hello_jpa.domain.Transaction */insert into transaction (amount,source_account_number,target_account_number,transaction_date,transaction_id) values (?,?,?,?,?)
/* insert for hello.tis.hello_jpa.domain.Transaction */insert into transaction (amount,source_account_number,target_account_number,transaction_date,transaction_id) values (100.0,'TEST-ACCOUNT-1','TEST-ACCOUNT-2','2025-05-08T00:00:00.000+0900','9e88fbaf-051d-4c14-ab82-50c12dbd5073');
2025-05-08T22:38:14.861+09:00 DEBUG 24606 --- [    Test worker] org.hibernate.SQL                        : update transaction set source_account_number=? where transaction_id=?
2025-05-08T22:38:14.861+09:00  INFO 24606 --- [    Test worker] p6spy                                    : #1746711494861 | took 0ms | statement | connection 15| url jdbc:h2:mem:testdb
update transaction set source_account_number=? where transaction_id=?
update transaction set source_account_number='TEST-ACCOUNT-1' where transaction_id='9e88fbaf-051d-4c14-ab82-50c12dbd5073';
2025-05-08T22:38:14.861+09:00 DEBUG 24606 --- [    Test worker] org.hibernate.SQL                        : update transaction set target_account_number=? where transaction_id=?
2025-05-08T22:38:14.862+09:00  INFO 24606 --- [    Test worker] p6spy                                    : #1746711494862 | took 0ms | statement | connection 15| url jdbc:h2:mem:testdb
update transaction set target_account_number=? where transaction_id=?
update transaction set target_account_number='TEST-ACCOUNT-2' where transaction_id='9e88fbaf-051d-4c14-ab82-50c12dbd5073';
2025-05-08T22:38:14.864+09:00 DEBUG 24606 --- [    Test worker] org.hibernate.SQL                        : /* insert for hello.tis.hello_jpa.domain.Transaction */insert into transaction (amount,source_account_number,target_account_number,transaction_date,transaction_id) values (?,?,?,?,?)
2025-05-08T22:38:14.864+09:00  INFO 24606 --- [    Test worker] p6spy                                    : #1746711494864 | took 0ms | statement | connection 15| url jdbc:h2:mem:testdb
/* insert for hello.tis.hello_jpa.domain.Transaction */insert into transaction (amount,source_account_number,target_account_number,transaction_date,transaction_id) values (?,?,?,?,?)
/* insert for hello.tis.hello_jpa.domain.Transaction */insert into transaction (amount,source_account_number,target_account_number,transaction_date,transaction_id) values (30.0,'TEST-ACCOUNT-2','TEST-ACCOUNT-1','2025-05-08T00:00:00.000+0900','304a210d-a154-4e8b-b408-4a8ff08e31b9');
2025-05-08T22:38:14.864+09:00 DEBUG 24606 --- [    Test worker] org.hibernate.SQL                        : update transaction set target_account_number=? where transaction_id=?
2025-05-08T22:38:14.865+09:00  INFO 24606 --- [    Test worker] p6spy                                    : #1746711494865 | took 0ms | statement | connection 15| url jdbc:h2:mem:testdb
update transaction set target_account_number=? where transaction_id=?
update transaction set target_account_number='TEST-ACCOUNT-1' where transaction_id='304a210d-a154-4e8b-b408-4a8ff08e31b9';
2025-05-08T22:38:14.865+09:00 DEBUG 24606 --- [    Test worker] org.hibernate.SQL                        : update transaction set source_account_number=? where transaction_id=?
2025-05-08T22:38:14.865+09:00  INFO 24606 --- [    Test worker] p6spy                                    : #1746711494865 | took 0ms | statement | connection 15| url jdbc:h2:mem:testdb
update transaction set source_account_number=? where transaction_id=?
update transaction set source_account_number='TEST-ACCOUNT-2' where transaction_id='304a210d-a154-4e8b-b408-4a8ff08e31b9';
2025-05-08T22:38:14.868+09:00  INFO 24606 --- [    Test worker] p6spy                                    : #1746711494868 | took 0ms | rollback | connection 15| url jdbc:h2:mem:testdb

;
2025-05-08T22:38:14.871+09:00 DEBUG 24606 --- [    Test worker] org.hibernate.SQL                        : select a1_0.account_number,dt1_0.target_account_number,dt1_0.transaction_id,dt1_0.amount,dt1_0.source_account_number,dt1_0.transaction_date from account a1_0 left join transaction dt1_0 on a1_0.account_number=dt1_0.target_account_number where a1_0.account_number=?
2025-05-08T22:38:14.871+09:00  INFO 24606 --- [    Test worker] p6spy                                    : #1746711494871 | took 0ms | statement | connection 16| url jdbc:h2:mem:testdb
select a1_0.account_number,dt1_0.target_account_number,dt1_0.transaction_id,dt1_0.amount,dt1_0.source_account_number,dt1_0.transaction_date from account a1_0 left join transaction dt1_0 on a1_0.account_number=dt1_0.target_account_number where a1_0.account_number=?
select a1_0.account_number,dt1_0.target_account_number,dt1_0.transaction_id,dt1_0.amount,dt1_0.source_account_number,dt1_0.transaction_date from account a1_0 left join transaction dt1_0 on a1_0.account_number=dt1_0.target_account_number where a1_0.account_number='TEST-ACCOUNT-1';
2025-05-08T22:38:14.872+09:00 DEBUG 24606 --- [    Test worker] org.hibernate.SQL                        : select a1_0.account_number,dt1_0.target_account_number,dt1_0.transaction_id,dt1_0.amount,dt1_0.source_account_number,dt1_0.transaction_date from account a1_0 left join transaction dt1_0 on a1_0.account_number=dt1_0.target_account_number where a1_0.account_number=?
2025-05-08T22:38:14.872+09:00  INFO 24606 --- [    Test worker] p6spy                                    : #1746711494872 | took 0ms | statement | connection 16| url jdbc:h2:mem:testdb
select a1_0.account_number,dt1_0.target_account_number,dt1_0.transaction_id,dt1_0.amount,dt1_0.source_account_number,dt1_0.transaction_date from account a1_0 left join transaction dt1_0 on a1_0.account_number=dt1_0.target_account_number where a1_0.account_number=?
select a1_0.account_number,dt1_0.target_account_number,dt1_0.transaction_id,dt1_0.amount,dt1_0.source_account_number,dt1_0.transaction_date from account a1_0 left join transaction dt1_0 on a1_0.account_number=dt1_0.target_account_number where a1_0.account_number='TEST-ACCOUNT-2';
2025-05-08T22:38:14.873+09:00 DEBUG 24606 --- [    Test worker] org.hibernate.SQL                        : select a1_0.account_number,dt1_0.target_account_number,dt1_0.transaction_id,dt1_0.amount,dt1_0.source_account_number,dt1_0.transaction_date from account a1_0 left join transaction dt1_0 on a1_0.account_number=dt1_0.target_account_number where a1_0.account_number=?
2025-05-08T22:38:14.873+09:00  INFO 24606 --- [    Test worker] p6spy                                    : #1746711494873 | took 0ms | statement | connection 16| url jdbc:h2:mem:testdb
select a1_0.account_number,dt1_0.target_account_number,dt1_0.transaction_id,dt1_0.amount,dt1_0.source_account_number,dt1_0.transaction_date from account a1_0 left join transaction dt1_0 on a1_0.account_number=dt1_0.target_account_number where a1_0.account_number=?
select a1_0.account_number,dt1_0.target_account_number,dt1_0.transaction_id,dt1_0.amount,dt1_0.source_account_number,dt1_0.transaction_date from account a1_0 left join transaction dt1_0 on a1_0.account_number=dt1_0.target_account_number where a1_0.account_number='TEST-ACCOUNT-3';
2025-05-08T22:38:14.874+09:00 DEBUG 24606 --- [    Test worker] org.hibernate.SQL                        : select a1_0.account_number from account a1_0 where a1_0.account_number=?
2025-05-08T22:38:14.874+09:00  INFO 24606 --- [    Test worker] p6spy                                    : #1746711494874 | took 0ms | statement | connection 16| url jdbc:h2:mem:testdb
select a1_0.account_number from account a1_0 where a1_0.account_number=?
select a1_0.account_number from account a1_0 where a1_0.account_number='NON-EXISTENT-ACCOUNT';
2025-05-08T22:38:14.876+09:00  INFO 24606 --- [    Test worker] p6spy                                    : #1746711494876 | took 0ms | rollback | connection 16| url jdbc:h2:mem:testdb

;
2025-05-08T22:38:14.879+09:00 DEBUG 24606 --- [    Test worker] org.hibernate.SQL                        : select a1_0.account_number,dt1_0.target_account_number,dt1_0.transaction_id,dt1_0.amount,dt1_0.source_account_number,dt1_0.transaction_date from account a1_0 left join transaction dt1_0 on a1_0.account_number=dt1_0.target_account_number where a1_0.account_number=?
2025-05-08T22:38:14.879+09:00  INFO 24606 --- [    Test worker] p6spy                                    : #1746711494879 | took 0ms | statement | connection 17| url jdbc:h2:mem:testdb
select a1_0.account_number,dt1_0.target_account_number,dt1_0.transaction_id,dt1_0.amount,dt1_0.source_account_number,dt1_0.transaction_date from account a1_0 left join transaction dt1_0 on a1_0.account_number=dt1_0.target_account_number where a1_0.account_number=?
select a1_0.account_number,dt1_0.target_account_number,dt1_0.transaction_id,dt1_0.amount,dt1_0.source_account_number,dt1_0.transaction_date from account a1_0 left join transaction dt1_0 on a1_0.account_number=dt1_0.target_account_number where a1_0.account_number='TEST-ACCOUNT-1';
2025-05-08T22:38:14.880+09:00 DEBUG 24606 --- [    Test worker] org.hibernate.SQL                        : select a1_0.account_number,dt1_0.target_account_number,dt1_0.transaction_id,dt1_0.amount,dt1_0.source_account_number,dt1_0.transaction_date from account a1_0 left join transaction dt1_0 on a1_0.account_number=dt1_0.target_account_number where a1_0.account_number=?
2025-05-08T22:38:14.880+09:00  INFO 24606 --- [    Test worker] p6spy                                    : #1746711494880 | took 0ms | statement | connection 17| url jdbc:h2:mem:testdb
select a1_0.account_number,dt1_0.target_account_number,dt1_0.transaction_id,dt1_0.amount,dt1_0.source_account_number,dt1_0.transaction_date from account a1_0 left join transaction dt1_0 on a1_0.account_number=dt1_0.target_account_number where a1_0.account_number=?
select a1_0.account_number,dt1_0.target_account_number,dt1_0.transaction_id,dt1_0.amount,dt1_0.source_account_number,dt1_0.transaction_date from account a1_0 left join transaction dt1_0 on a1_0.account_number=dt1_0.target_account_number where a1_0.account_number='TEST-ACCOUNT-2';
2025-05-08T22:38:14.880+09:00 DEBUG 24606 --- [    Test worker] org.hibernate.SQL                        : select a1_0.account_number,dt1_0.target_account_number,dt1_0.transaction_id,dt1_0.amount,dt1_0.source_account_number,dt1_0.transaction_date from account a1_0 left join transaction dt1_0 on a1_0.account_number=dt1_0.target_account_number where a1_0.account_number=?
2025-05-08T22:38:14.880+09:00  INFO 24606 --- [    Test worker] p6spy                                    : #1746711494880 | took 0ms | statement | connection 17| url jdbc:h2:mem:testdb
select a1_0.account_number,dt1_0.target_account_number,dt1_0.transaction_id,dt1_0.amount,dt1_0.source_account_number,dt1_0.transaction_date from account a1_0 left join transaction dt1_0 on a1_0.account_number=dt1_0.target_account_number where a1_0.account_number=?
select a1_0.account_number,dt1_0.target_account_number,dt1_0.transaction_id,dt1_0.amount,dt1_0.source_account_number,dt1_0.transaction_date from account a1_0 left join transaction dt1_0 on a1_0.account_number=dt1_0.target_account_number where a1_0.account_number='TEST-ACCOUNT-3';
2025-05-08T22:38:14.882+09:00 DEBUG 24606 --- [    Test worker] org.hibernate.SQL                        : select a1_0.account_number from account a1_0 where a1_0.account_number=?
2025-05-08T22:38:14.882+09:00  INFO 24606 --- [    Test worker] p6spy                                    : #1746711494882 | took 0ms | statement | connection 17| url jdbc:h2:mem:testdb
select a1_0.account_number from account a1_0 where a1_0.account_number=?
select a1_0.account_number from account a1_0 where a1_0.account_number='NON-EXISTENT-ACCOUNT';
2025-05-08T22:38:14.884+09:00  INFO 24606 --- [    Test worker] p6spy                                    : #1746711494884 | took 0ms | rollback | connection 17| url jdbc:h2:mem:testdb

;
2025-05-08T22:38:14.887+09:00 DEBUG 24606 --- [    Test worker] org.hibernate.SQL                        : select a1_0.account_number,dt1_0.target_account_number,dt1_0.transaction_id,dt1_0.amount,dt1_0.source_account_number,dt1_0.transaction_date from account a1_0 left join transaction dt1_0 on a1_0.account_number=dt1_0.target_account_number where a1_0.account_number=?
2025-05-08T22:38:14.887+09:00  INFO 24606 --- [    Test worker] p6spy                                    : #1746711494887 | took 0ms | statement | connection 18| url jdbc:h2:mem:testdb
select a1_0.account_number,dt1_0.target_account_number,dt1_0.transaction_id,dt1_0.amount,dt1_0.source_account_number,dt1_0.transaction_date from account a1_0 left join transaction dt1_0 on a1_0.account_number=dt1_0.target_account_number where a1_0.account_number=?
select a1_0.account_number,dt1_0.target_account_number,dt1_0.transaction_id,dt1_0.amount,dt1_0.source_account_number,dt1_0.transaction_date from account a1_0 left join transaction dt1_0 on a1_0.account_number=dt1_0.target_account_number where a1_0.account_number='TEST-ACCOUNT-1';
2025-05-08T22:38:14.888+09:00 DEBUG 24606 --- [    Test worker] org.hibernate.SQL                        : select a1_0.account_number,dt1_0.target_account_number,dt1_0.transaction_id,dt1_0.amount,dt1_0.source_account_number,dt1_0.transaction_date from account a1_0 left join transaction dt1_0 on a1_0.account_number=dt1_0.target_account_number where a1_0.account_number=?
2025-05-08T22:38:14.888+09:00  INFO 24606 --- [    Test worker] p6spy                                    : #1746711494888 | took 0ms | statement | connection 18| url jdbc:h2:mem:testdb
select a1_0.account_number,dt1_0.target_account_number,dt1_0.transaction_id,dt1_0.amount,dt1_0.source_account_number,dt1_0.transaction_date from account a1_0 left join transaction dt1_0 on a1_0.account_number=dt1_0.target_account_number where a1_0.account_number=?
select a1_0.account_number,dt1_0.target_account_number,dt1_0.transaction_id,dt1_0.amount,dt1_0.source_account_number,dt1_0.transaction_date from account a1_0 left join transaction dt1_0 on a1_0.account_number=dt1_0.target_account_number where a1_0.account_number='TEST-ACCOUNT-2';
2025-05-08T22:38:14.889+09:00 DEBUG 24606 --- [    Test worker] org.hibernate.SQL                        : select a1_0.account_number,dt1_0.target_account_number,dt1_0.transaction_id,dt1_0.amount,dt1_0.source_account_number,dt1_0.transaction_date from account a1_0 left join transaction dt1_0 on a1_0.account_number=dt1_0.target_account_number where a1_0.account_number=?
2025-05-08T22:38:14.889+09:00  INFO 24606 --- [    Test worker] p6spy                                    : #1746711494889 | took 0ms | statement | connection 18| url jdbc:h2:mem:testdb
select a1_0.account_number,dt1_0.target_account_number,dt1_0.transaction_id,dt1_0.amount,dt1_0.source_account_number,dt1_0.transaction_date from account a1_0 left join transaction dt1_0 on a1_0.account_number=dt1_0.target_account_number where a1_0.account_number=?
select a1_0.account_number,dt1_0.target_account_number,dt1_0.transaction_id,dt1_0.amount,dt1_0.source_account_number,dt1_0.transaction_date from account a1_0 left join transaction dt1_0 on a1_0.account_number=dt1_0.target_account_number where a1_0.account_number='TEST-ACCOUNT-3';
2025-05-08T22:38:14.929+09:00 DEBUG 24606 --- [    Test worker] org.hibernate.SQL                        : /* insert for hello.tis.hello_jpa.domain.Account */insert into account (account_number) values (?)
2025-05-08T22:38:14.930+09:00  INFO 24606 --- [    Test worker] p6spy                                    : #1746711494930 | took 0ms | statement | connection 18| url jdbc:h2:mem:testdb
/* insert for hello.tis.hello_jpa.domain.Account */insert into account (account_number) values (?)
/* insert for hello.tis.hello_jpa.domain.Account */insert into account (account_number) values ('TEST-ACCOUNT-1');
2025-05-08T22:38:14.930+09:00 DEBUG 24606 --- [    Test worker] org.hibernate.SQL                        : /* insert for hello.tis.hello_jpa.domain.Account */insert into account (account_number) values (?)
2025-05-08T22:38:14.930+09:00  INFO 24606 --- [    Test worker] p6spy                                    : #1746711494930 | took 0ms | statement | connection 18| url jdbc:h2:mem:testdb
/* insert for hello.tis.hello_jpa.domain.Account */insert into account (account_number) values (?)
/* insert for hello.tis.hello_jpa.domain.Account */insert into account (account_number) values ('TEST-ACCOUNT-2');
2025-05-08T22:38:14.930+09:00 DEBUG 24606 --- [    Test worker] org.hibernate.SQL                        : /* insert for hello.tis.hello_jpa.domain.Account */insert into account (account_number) values (?)
2025-05-08T22:38:14.930+09:00  INFO 24606 --- [    Test worker] p6spy                                    : #1746711494930 | took 0ms | statement | connection 18| url jdbc:h2:mem:testdb
/* insert for hello.tis.hello_jpa.domain.Account */insert into account (account_number) values (?)
/* insert for hello.tis.hello_jpa.domain.Account */insert into account (account_number) values ('TEST-ACCOUNT-3');
2025-05-08T22:38:14.931+09:00 DEBUG 24606 --- [    Test worker] org.hibernate.SQL                        : /* <criteria> */ select a1_0.account_number from account a1_0
2025-05-08T22:38:14.932+09:00  INFO 24606 --- [    Test worker] p6spy                                    : #1746711494932 | took 0ms | statement | connection 18| url jdbc:h2:mem:testdb
/* <criteria> */ select a1_0.account_number from account a1_0
/* <criteria> */ select a1_0.account_number from account a1_0;
2025-05-08T22:38:14.940+09:00  INFO 24606 --- [    Test worker] p6spy                                    : #1746711494940 | took 0ms | rollback | connection 18| url jdbc:h2:mem:testdb

;
2025-05-08T22:38:14.943+09:00 DEBUG 24606 --- [    Test worker] org.hibernate.SQL                        : select a1_0.account_number,dt1_0.target_account_number,dt1_0.transaction_id,dt1_0.amount,dt1_0.source_account_number,dt1_0.transaction_date from account a1_0 left join transaction dt1_0 on a1_0.account_number=dt1_0.target_account_number where a1_0.account_number=?
2025-05-08T22:38:14.943+09:00  INFO 24606 --- [    Test worker] p6spy                                    : #1746711494943 | took 0ms | statement | connection 19| url jdbc:h2:mem:testdb
select a1_0.account_number,dt1_0.target_account_number,dt1_0.transaction_id,dt1_0.amount,dt1_0.source_account_number,dt1_0.transaction_date from account a1_0 left join transaction dt1_0 on a1_0.account_number=dt1_0.target_account_number where a1_0.account_number=?
select a1_0.account_number,dt1_0.target_account_number,dt1_0.transaction_id,dt1_0.amount,dt1_0.source_account_number,dt1_0.transaction_date from account a1_0 left join transaction dt1_0 on a1_0.account_number=dt1_0.target_account_number where a1_0.account_number='TEST-ACCOUNT-1';
2025-05-08T22:38:14.944+09:00 DEBUG 24606 --- [    Test worker] org.hibernate.SQL                        : select a1_0.account_number,dt1_0.target_account_number,dt1_0.transaction_id,dt1_0.amount,dt1_0.source_account_number,dt1_0.transaction_date from account a1_0 left join transaction dt1_0 on a1_0.account_number=dt1_0.target_account_number where a1_0.account_number=?
2025-05-08T22:38:14.944+09:00  INFO 24606 --- [    Test worker] p6spy                                    : #1746711494944 | took 0ms | statement | connection 19| url jdbc:h2:mem:testdb
select a1_0.account_number,dt1_0.target_account_number,dt1_0.transaction_id,dt1_0.amount,dt1_0.source_account_number,dt1_0.transaction_date from account a1_0 left join transaction dt1_0 on a1_0.account_number=dt1_0.target_account_number where a1_0.account_number=?
select a1_0.account_number,dt1_0.target_account_number,dt1_0.transaction_id,dt1_0.amount,dt1_0.source_account_number,dt1_0.transaction_date from account a1_0 left join transaction dt1_0 on a1_0.account_number=dt1_0.target_account_number where a1_0.account_number='TEST-ACCOUNT-2';
2025-05-08T22:38:14.945+09:00 DEBUG 24606 --- [    Test worker] org.hibernate.SQL                        : select a1_0.account_number,dt1_0.target_account_number,dt1_0.transaction_id,dt1_0.amount,dt1_0.source_account_number,dt1_0.transaction_date from account a1_0 left join transaction dt1_0 on a1_0.account_number=dt1_0.target_account_number where a1_0.account_number=?
2025-05-08T22:38:14.945+09:00  INFO 24606 --- [    Test worker] p6spy                                    : #1746711494945 | took 0ms | statement | connection 19| url jdbc:h2:mem:testdb
select a1_0.account_number,dt1_0.target_account_number,dt1_0.transaction_id,dt1_0.amount,dt1_0.source_account_number,dt1_0.transaction_date from account a1_0 left join transaction dt1_0 on a1_0.account_number=dt1_0.target_account_number where a1_0.account_number=?
select a1_0.account_number,dt1_0.target_account_number,dt1_0.transaction_id,dt1_0.amount,dt1_0.source_account_number,dt1_0.transaction_date from account a1_0 left join transaction dt1_0 on a1_0.account_number=dt1_0.target_account_number where a1_0.account_number='TEST-ACCOUNT-3';
2025-05-08T22:38:14.948+09:00  INFO 24606 --- [    Test worker] p6spy                                    : #1746711494948 | took 0ms | rollback | connection 19| url jdbc:h2:mem:testdb

;
2025-05-08T22:38:14.951+09:00 DEBUG 24606 --- [    Test worker] org.hibernate.SQL                        : select a1_0.account_number,dt1_0.target_account_number,dt1_0.transaction_id,dt1_0.amount,dt1_0.source_account_number,dt1_0.transaction_date from account a1_0 left join transaction dt1_0 on a1_0.account_number=dt1_0.target_account_number where a1_0.account_number=?
2025-05-08T22:38:14.951+09:00  INFO 24606 --- [    Test worker] p6spy                                    : #1746711494951 | took 0ms | statement | connection 20| url jdbc:h2:mem:testdb
select a1_0.account_number,dt1_0.target_account_number,dt1_0.transaction_id,dt1_0.amount,dt1_0.source_account_number,dt1_0.transaction_date from account a1_0 left join transaction dt1_0 on a1_0.account_number=dt1_0.target_account_number where a1_0.account_number=?
select a1_0.account_number,dt1_0.target_account_number,dt1_0.transaction_id,dt1_0.amount,dt1_0.source_account_number,dt1_0.transaction_date from account a1_0 left join transaction dt1_0 on a1_0.account_number=dt1_0.target_account_number where a1_0.account_number='TEST-ACCOUNT-1';
2025-05-08T22:38:14.952+09:00 DEBUG 24606 --- [    Test worker] org.hibernate.SQL                        : select a1_0.account_number,dt1_0.target_account_number,dt1_0.transaction_id,dt1_0.amount,dt1_0.source_account_number,dt1_0.transaction_date from account a1_0 left join transaction dt1_0 on a1_0.account_number=dt1_0.target_account_number where a1_0.account_number=?
2025-05-08T22:38:14.953+09:00  INFO 24606 --- [    Test worker] p6spy                                    : #1746711494953 | took 0ms | statement | connection 20| url jdbc:h2:mem:testdb
select a1_0.account_number,dt1_0.target_account_number,dt1_0.transaction_id,dt1_0.amount,dt1_0.source_account_number,dt1_0.transaction_date from account a1_0 left join transaction dt1_0 on a1_0.account_number=dt1_0.target_account_number where a1_0.account_number=?
select a1_0.account_number,dt1_0.target_account_number,dt1_0.transaction_id,dt1_0.amount,dt1_0.source_account_number,dt1_0.transaction_date from account a1_0 left join transaction dt1_0 on a1_0.account_number=dt1_0.target_account_number where a1_0.account_number='TEST-ACCOUNT-2';
2025-05-08T22:38:14.953+09:00 DEBUG 24606 --- [    Test worker] org.hibernate.SQL                        : select a1_0.account_number,dt1_0.target_account_number,dt1_0.transaction_id,dt1_0.amount,dt1_0.source_account_number,dt1_0.transaction_date from account a1_0 left join transaction dt1_0 on a1_0.account_number=dt1_0.target_account_number where a1_0.account_number=?
2025-05-08T22:38:14.953+09:00  INFO 24606 --- [    Test worker] p6spy                                    : #1746711494953 | took 0ms | statement | connection 20| url jdbc:h2:mem:testdb
select a1_0.account_number,dt1_0.target_account_number,dt1_0.transaction_id,dt1_0.amount,dt1_0.source_account_number,dt1_0.transaction_date from account a1_0 left join transaction dt1_0 on a1_0.account_number=dt1_0.target_account_number where a1_0.account_number=?
select a1_0.account_number,dt1_0.target_account_number,dt1_0.transaction_id,dt1_0.amount,dt1_0.source_account_number,dt1_0.transaction_date from account a1_0 left join transaction dt1_0 on a1_0.account_number=dt1_0.target_account_number where a1_0.account_number='TEST-ACCOUNT-3';
2025-05-08T22:38:14.957+09:00 DEBUG 24606 --- [    Test worker] org.hibernate.SQL                        : /* insert for hello.tis.hello_jpa.domain.Account */insert into account (account_number) values (?)
2025-05-08T22:38:14.957+09:00  INFO 24606 --- [    Test worker] p6spy                                    : #1746711494957 | took 0ms | statement | connection 20| url jdbc:h2:mem:testdb
/* insert for hello.tis.hello_jpa.domain.Account */insert into account (account_number) values (?)
/* insert for hello.tis.hello_jpa.domain.Account */insert into account (account_number) values ('TEST-ACCOUNT-1');
2025-05-08T22:38:14.957+09:00 DEBUG 24606 --- [    Test worker] org.hibernate.SQL                        : /* insert for hello.tis.hello_jpa.domain.Account */insert into account (account_number) values (?)
2025-05-08T22:38:14.957+09:00  INFO 24606 --- [    Test worker] p6spy                                    : #1746711494957 | took 0ms | statement | connection 20| url jdbc:h2:mem:testdb
/* insert for hello.tis.hello_jpa.domain.Account */insert into account (account_number) values (?)
/* insert for hello.tis.hello_jpa.domain.Account */insert into account (account_number) values ('TEST-ACCOUNT-2');
2025-05-08T22:38:14.957+09:00 DEBUG 24606 --- [    Test worker] org.hibernate.SQL                        : /* insert for hello.tis.hello_jpa.domain.Account */insert into account (account_number) values (?)
2025-05-08T22:38:14.958+09:00  INFO 24606 --- [    Test worker] p6spy                                    : #1746711494958 | took 0ms | statement | connection 20| url jdbc:h2:mem:testdb
/* insert for hello.tis.hello_jpa.domain.Account */insert into account (account_number) values (?)
/* insert for hello.tis.hello_jpa.domain.Account */insert into account (account_number) values ('TEST-ACCOUNT-3');
2025-05-08T22:38:14.958+09:00 DEBUG 24606 --- [    Test worker] org.hibernate.SQL                        : /* insert for hello.tis.hello_jpa.domain.Transaction */insert into transaction (amount,source_account_number,target_account_number,transaction_date,transaction_id) values (?,?,?,?,?)
2025-05-08T22:38:14.958+09:00  INFO 24606 --- [    Test worker] p6spy                                    : #1746711494958 | took 0ms | statement | connection 20| url jdbc:h2:mem:testdb
/* insert for hello.tis.hello_jpa.domain.Transaction */insert into transaction (amount,source_account_number,target_account_number,transaction_date,transaction_id) values (?,?,?,?,?)
/* insert for hello.tis.hello_jpa.domain.Transaction */insert into transaction (amount,source_account_number,target_account_number,transaction_date,transaction_id) values (100.0,'TEST-ACCOUNT-1','TEST-ACCOUNT-2','2025-05-08T00:00:00.000+0900','57ea6c1f-cf92-4abb-97b1-6364d3de8675');
2025-05-08T22:38:14.959+09:00 DEBUG 24606 --- [    Test worker] org.hibernate.SQL                        : update transaction set source_account_number=? where transaction_id=?
2025-05-08T22:38:14.959+09:00  INFO 24606 --- [    Test worker] p6spy                                    : #1746711494959 | took 0ms | statement | connection 20| url jdbc:h2:mem:testdb
update transaction set source_account_number=? where transaction_id=?
update transaction set source_account_number='TEST-ACCOUNT-1' where transaction_id='57ea6c1f-cf92-4abb-97b1-6364d3de8675';
2025-05-08T22:38:14.959+09:00 DEBUG 24606 --- [    Test worker] org.hibernate.SQL                        : update transaction set target_account_number=? where transaction_id=?
2025-05-08T22:38:14.959+09:00  INFO 24606 --- [    Test worker] p6spy                                    : #1746711494959 | took 0ms | statement | connection 20| url jdbc:h2:mem:testdb
update transaction set target_account_number=? where transaction_id=?
update transaction set target_account_number='TEST-ACCOUNT-2' where transaction_id='57ea6c1f-cf92-4abb-97b1-6364d3de8675';
2025-05-08T22:38:14.963+09:00  INFO 24606 --- [    Test worker] p6spy                                    : #1746711494963 | took 0ms | rollback | connection 20| url jdbc:h2:mem:testdb

;
]]></system-out>
  <system-err><![CDATA[]]></system-err>
</testsuite>
